k: 2 err_rate: 0.010 Aa: 0.70 Ad: 1.00 Ao: 0.70
k: 2 err_rate: 0.020 Aa: 0.70 Ad: 1.00 Ao: 0.70
k: 2 err_rate: 0.030 Aa: 0.74 Ad: 0.83 Ao: 0.74
k: 2 err_rate: 0.040 Aa: 0.73 Ad: 0.50 Ao: 0.72
k: 2 err_rate: 0.050 Aa: 0.69 Ad: 0.25 Ao: 0.67
k: 2 err_rate: 0.060 Aa: 0.75 Ad: 0.92 Ao: 0.76
k: 2 err_rate: 0.070 Aa: 0.73 Ad: 0.71 Ao: 0.73
k: 2 err_rate: 0.080 Aa: 0.64 Ad: 0.60 Ao: 0.64
k: 2 err_rate: 0.090 Aa: 0.71 Ad: 0.75 Ao: 0.71
k: 2 err_rate: 0.100 Aa: 0.72 Ad: 0.75 Ao: 0.73
k: 3 err_rate: 0.010 Aa: 0.72 Ad: 0.33 Ao: 0.72
k: 3 err_rate: 0.020 Aa: 0.75 Ad: 0.67 Ao: 0.75
k: 3 err_rate: 0.030 Aa: 0.69 Ad: 0.67 Ao: 0.69
k: 3 err_rate: 0.040 Aa: 0.71 Ad: 0.78 Ao: 0.71
k: 3 err_rate: 0.050 Aa: 0.69 Ad: 0.67 Ao: 0.69
k: 3 err_rate: 0.060 Aa: 0.76 Ad: 0.58 Ao: 0.75
k: 3 err_rate: 0.070 Aa: 0.72 Ad: 0.56 Ao: 0.71
k: 3 err_rate: 0.080 Aa: 0.74 Ad: 0.67 Ao: 0.74
k: 3 err_rate: 0.090 Aa: 0.68 Ad: 0.57 Ao: 0.67
k: 3 err_rate: 0.100 Aa: 0.72 Ad: 0.64 Ao: 0.71
k: 4 err_rate: 0.010 Aa: 0.75 Ad: 0.62 Ao: 0.75
k: 4 err_rate: 0.020 Aa: 0.71 Ad: 0.50 Ao: 0.70
k: 4 err_rate: 0.030 Aa: 0.74 Ad: 0.50 Ao: 0.74
k: 4 err_rate: 0.040 Aa: 0.70 Ad: 0.62 Ao: 0.70
k: 4 err_rate: 0.050 Aa: 0.70 Ad: 0.60 Ao: 0.69
k: 4 err_rate: 0.060 Aa: 0.77 Ad: 0.65 Ao: 0.76
k: 4 err_rate: 0.070 Aa: 0.74 Ad: 0.25 Ao: 0.70
k: 4 err_rate: 0.080 Aa: 0.66 Ad: 0.70 Ao: 0.66
k: 4 err_rate: 0.090 Aa: 0.71 Ad: 0.61 Ao: 0.70
k: 4 err_rate: 0.100 Aa: 0.72 Ad: 0.60 Ao: 0.71
